* Mounting host path /Users/michaelmellouk/dersalvador/freqtrading/freqtrade into VM as /Users/michaelmellouk/dersalvador/freqtrading/freqtrade ...
  - Mount type:   
  - User ID:      docker
  - Group ID:     docker
  - Version:      9p2000.L
  - Message Size: 262144
  - Options:      map[]
  - Bind Address: 192.168.64.1:54313
* Userspace file server: ufs starting
* Successfully mounted /Users/michaelmellouk/dersalvador/freqtrading/freqtrade to /Users/michaelmellouk/dersalvador/freqtrading/freqtrade

* NOTE: This process must stay alive for the mount to be accessible ...
* Unmounting /Users/michaelmellouk/dersalvador/freqtrading/freqtrade ...

X Exiting due to MK_INTERRUPTED: Received terminated signal

* Mounting host path /Users/michaelmellouk/dersalvador/freqtrading/freqtrade into VM as /Users/michaelmellouk/dersalvador/freqtrading/freqtrade ...
  - Mount type:   
  - User ID:      docker
  - Group ID:     docker
  - Version:      9p2000.L
  - Message Size: 262144
  - Options:      map[]
  - Bind Address: 192.168.64.1:54682
* Userspace file server: ufs starting
* Successfully mounted /Users/michaelmellouk/dersalvador/freqtrading/freqtrade to /Users/michaelmellouk/dersalvador/freqtrading/freqtrade

* NOTE: This process must stay alive for the mount to be accessible ...
* Unmounting /Users/michaelmellouk/dersalvador/freqtrading/freqtrade ...

X Exiting due to MK_INTERRUPTED: Received terminated signal

* Mounting host path /Users/michaelmellouk/dersalvador/freqtrading/freqtrade into VM as /Users/michaelmellouk/dersalvador/freqtrading/freqtrade ...
  - Mount type:   
  - User ID:      docker
  - Group ID:     docker
  - Version:      9p2000.L
  - Message Size: 262144
  - Options:      map[]
  - Bind Address: 192.168.64.1:60670
* Userspace file server: ufs starting
* Successfully mounted /Users/michaelmellouk/dersalvador/freqtrading/freqtrade to /Users/michaelmellouk/dersalvador/freqtrading/freqtrade

* NOTE: This process must stay alive for the mount to be accessible ...
